********************************************************************************
DUPLICATOR-LITE PACKAGE-LOG: 23 de June de 2023 01:26
NOTICE: Do NOT post to public sites or forums 
********************************************************************************
VERSION:	1.5.5
WORDPRESS:	6.2.2
PHP INFO:	8.2.4 | SAPI: apache2handler
SERVER:		Apache/2.4.56 (Win64) OpenSSL/1.1.1t PHP/8.2.4 
PHP TIME LIMIT: (0) no time limit imposed 
PHP MAX MEMORY: 4294967296 (512M default) 
MEMORY STACK: 58MB
[CTRL DUP ARCIVE] PACKAGE AS NEW ID 20 SAVED | STATUS:0
[DUP ARCHIVE] BUILDING DATABASE

********************************************************************************
DATABASE:
********************************************************************************
BUILD MODE:   MYSQLDUMP
MYSQLTIMEOUT: 5000
MYSQLDUMP:    Is Supported
SQL CREATED: 20230621_sabomur_0abba531cf724d7a1386_20230623012524_database.sql
SQL FILE SIZE: 21.19MB (22218449)
SQL FILE TIME: 2023-06-23 01:26:34
SQL RUNTIME: 25.10 sec.
[DUP ARCHIVE] VALIDATING DATABASE
[DUP ARCHIVE] DONE DATABASE

********************************************************************************
ARCHIVE Type=DUP Mode=DupArchive
********************************************************************************
ARCHIVE DIR:  C:/xampp/htdocs/prueba
ARCHIVE FILE: 20230621_sabomur_0abba531cf724d7a1386_20230623012524_archive.daf
FILTERS: *OFF*
DIRS:
	not set
FILES:
	not set
EXTS:  not set
----------------------------------------
COMPRESSING
SIZE:	206.31MB
STATS:	Dirs 1,731 | Files 9,423 | Total 11,154
[DUP ARCHIVE] DONE ARCHIVE
building installer
[DUP ARCHIVE] DONE ARCHIVE
COMPRESSED SIZE: 97.43MB
ARCHIVE RUNTIME: 33.22 sec.
MEMORY STACK: 64MB
CREATE WARNINGS: No warnings.
VALIDATION WARNINGS: No warnings.
[DUP ARCHIVE] DONE ARCHIVE
[DUP ARCHIVE] HAS COMPLETED CLOSING
[DUP ARCHIVE] DUP ARCHIVE INTEGRITY CHECK

********************************************************************************
INTEGRITY CHECKS:
********************************************************************************
SQL FILE: 21.19MB
INSTALLER FILE: 94.81KB
ARCHIVE FILE: 97.43MB 
RECUENTO ARCHIVOS/DIRECTORIOS ESPERADOS: 11,892
RECUENTO ARCHIVOS/DIRECTORIOS ACTUALES: 11,893

********************************************************************************
RECORD ID:[20]
TOTAL PROCESS RUNTIME: 33.23 sec.
PEAK PHP MEMORY USED: 64MB
DONE PROCESSING => 20230621_sabomur 2023-06-23 01:26:42

