********************************************************************************
DUPLICATOR-LITE PACKAGE-LOG: 22 de June de 2023 22:16
NOTICE: Do NOT post to public sites or forums 
********************************************************************************
VERSION:	1.5.5
WORDPRESS:	6.2.2
PHP INFO:	8.2.4 | SAPI: apache2handler
SERVER:		Apache/2.4.56 (Win64) OpenSSL/1.1.1t PHP/8.2.4 
PHP TIME LIMIT: (0) no time limit imposed 
PHP MAX MEMORY: 4294967296 (512M default) 
MEMORY STACK: 64MB
[CTRL DUP ARCIVE] PACKAGE AS NEW ID 19 SAVED | STATUS:0
[DUP ARCHIVE] BUILDING DATABASE

********************************************************************************
DATABASE:
********************************************************************************
BUILD MODE:   MYSQLDUMP
MYSQLTIMEOUT: 5000
MYSQLDUMP:    Is Supported
SQL CREATED: 20230621_sabomur_1c75730d866f44091322_20230622221512_database.sql
SQL FILE SIZE: 19.39MB (20333267)
SQL FILE TIME: 2023-06-22 22:17:04
SQL RUNTIME: 11.24 sec.
[DUP ARCHIVE] VALIDATING DATABASE
[DUP ARCHIVE] DONE DATABASE

********************************************************************************
ARCHIVE Type=DUP Mode=DupArchive
********************************************************************************
ARCHIVE DIR:  C:/xampp/htdocs/prueba
ARCHIVE FILE: 20230621_sabomur_1c75730d866f44091322_20230622221512_archive.daf
FILTERS: *OFF*
DIRS:
	not set
FILES:
	not set
EXTS:  not set
----------------------------------------
COMPRESSING
SIZE:	167.32MB
STATS:	Dirs 1,337 | Files 7,665 | Total 9,002
[DUP ARCHIVE] DONE ARCHIVE
building installer
[DUP ARCHIVE] DONE ARCHIVE
COMPRESSED SIZE: 73.67MB
ARCHIVE RUNTIME: 17.54 sec.
MEMORY STACK: 68MB
CREATE WARNINGS: No warnings.
VALIDATION WARNINGS: No warnings.
[DUP ARCHIVE] DONE ARCHIVE
[DUP ARCHIVE] HAS COMPLETED CLOSING
[DUP ARCHIVE] DUP ARCHIVE INTEGRITY CHECK

********************************************************************************
INTEGRITY CHECKS:
********************************************************************************
SQL FILE: 19.39MB
INSTALLER FILE: 94.81KB
ARCHIVE FILE: 73.67MB 
RECUENTO ARCHIVOS/DIRECTORIOS ESPERADOS: 9,740
RECUENTO ARCHIVOS/DIRECTORIOS ACTUALES: 9,741

********************************************************************************
RECORD ID:[19]
TOTAL PROCESS RUNTIME: 17.55 sec.
PEAK PHP MEMORY USED: 68MB
DONE PROCESSING => 20230621_sabomur 2023-06-22 22:17:10

